2024-11-13  7:47:12 0 [Note] Starting MariaDB 11.5.2-MariaDB source revision ea75a0b6009b0251e83193cd38c3974e36b65e06 server_uid zRB9t6BLYJGeVmMRCZKZuEPgjVE= as process 3644
2024-11-13  7:47:12 0 [Note] InnoDB: The first data file './ibdata1' did not exist. A new tablespace will be created!
2024-11-13  7:47:12 0 [Note] InnoDB: Compressed tables use zlib 1.3.1
2024-11-13  7:47:12 0 [Note] InnoDB: Number of transaction pools: 1
2024-11-13  7:47:12 0 [Note] InnoDB: Using crc32 + pclmulqdq instructions
2024-11-13  7:47:12 0 [Note] InnoDB: Initializing buffer pool, total size = 20.000MiB, chunk size = 1.000MiB
2024-11-13  7:47:12 0 [Note] InnoDB: Completed initialization of buffer pool
2024-11-13  7:47:12 0 [Note] InnoDB: Setting file './ibdata1' size to 12.000MiB. Physically writing the file full; Please wait ...
2024-11-13  7:47:12 0 [Note] InnoDB: File './ibdata1' size is now 12.000MiB.
2024-11-13  7:47:12 0 [Note] InnoDB: File system buffers for log disabled (block size=4096 bytes)
2024-11-13  7:47:12 0 [Note] InnoDB: Data file .//undo001 did not exist: new to be created
2024-11-13  7:47:12 0 [Note] InnoDB: Setting file .//undo001 size to 10.000MiB
2024-11-13  7:47:12 0 [Note] InnoDB: Database physically writes the file full: wait...
2024-11-13  7:47:12 0 [Note] InnoDB: Data file .//undo002 did not exist: new to be created
2024-11-13  7:47:12 0 [Note] InnoDB: Setting file .//undo002 size to 10.000MiB
2024-11-13  7:47:12 0 [Note] InnoDB: Database physically writes the file full: wait...
2024-11-13  7:47:12 0 [Note] InnoDB: Data file .//undo003 did not exist: new to be created
2024-11-13  7:47:12 0 [Note] InnoDB: Setting file .//undo003 size to 10.000MiB
2024-11-13  7:47:12 0 [Note] InnoDB: Database physically writes the file full: wait...
2024-11-13  7:47:12 0 [Note] InnoDB: Doublewrite buffer not found: creating new
2024-11-13  7:47:12 0 [Note] InnoDB: Opened 3 undo tablespaces
2024-11-13  7:47:12 0 [Note] InnoDB: 128 rollback segments in 3 undo tablespaces are active.
2024-11-13  7:47:12 0 [Note] InnoDB: Setting file './ibtmp1' size to 12.000MiB. Physically writing the file full; Please wait ...
2024-11-13  7:47:12 0 [Note] InnoDB: File './ibtmp1' size is now 12.000MiB.
2024-11-13  7:47:12 0 [Note] InnoDB: log sequence number 0; transaction id 3
2024-11-13  7:47:12 0 [Note] Plugin 'FEEDBACK' is disabled.
2024-11-13  7:47:12 0 [Note] mysqld.exe: SSPI: using principal name 'BOGDFPCGMF4147$@FormacionSena.RED', mech 'Negotiate'
2024-12-06  7:21:43 0 [Note] Starting MariaDB 11.5.2-MariaDB source revision ea75a0b6009b0251e83193cd38c3974e36b65e06 server_uid zRB9t6BLYJGeVmMRCZKZuEPgjVE= as process 2652
2024-12-06  7:21:44 0 [Note] InnoDB: Compressed tables use zlib 1.3.1
2024-12-06  7:21:44 0 [Note] InnoDB: Number of transaction pools: 1
2024-12-06  7:21:44 0 [Note] InnoDB: Using crc32 + pclmulqdq instructions
2024-12-06  7:21:44 0 [Note] InnoDB: Initializing buffer pool, total size = 128.000MiB, chunk size = 2.000MiB
2024-12-06  7:21:44 0 [Note] InnoDB: Completed initialization of buffer pool
2024-12-06  7:21:44 0 [Note] InnoDB: File system buffers for log disabled (block size=4096 bytes)
2024-12-06  7:21:44 0 [Note] InnoDB: Starting crash recovery from checkpoint LSN=47747
2024-12-06  7:21:44 0 [Note] InnoDB: End of log at LSN=983497
2024-12-06  7:21:44 0 [Note] InnoDB: To recover: 208 pages
2024-12-06  7:21:44 0 [Note] InnoDB: Opened 3 undo tablespaces
2024-12-06  7:21:44 0 [Note] InnoDB: 128 rollback segments in 3 undo tablespaces are active.
2024-12-06  7:21:44 0 [Note] InnoDB: Removed temporary tablespace data file: "./ibtmp1"
2024-12-06  7:21:44 0 [Note] InnoDB: Setting file './ibtmp1' size to 12.000MiB. Physically writing the file full; Please wait ...
2024-12-06  7:21:44 0 [Note] InnoDB: File './ibtmp1' size is now 12.000MiB.
2024-12-06  7:21:44 0 [Note] InnoDB: log sequence number 983497; transaction id 945
2024-12-06  7:21:44 0 [Note] InnoDB: Loading buffer pool(s) from C:\Users\Aprendiz\OneDrive - SENA\Documentos\C\NestJS\DATA_DIR_2902093\ib_buffer_pool
2024-12-06  7:21:44 0 [Note] Plugin 'FEEDBACK' is disabled.
2024-12-06  7:21:44 0 [Note] mysqld.exe: SSPI: using principal name 'BOGDFPCGMF4147$@FormacionSena.RED', mech 'Negotiate'
2024-12-06  7:21:44 0 [Note] InnoDB: Buffer pool(s) load completed at 241206  7:21:44
2024-12-06  7:21:46 0 [Note] Server socket created on IP: '::'.
2024-12-06  7:21:46 0 [Note] Server socket created on IP: '0.0.0.0'.
2024-12-06  7:21:47 0 [Note] mysqld.exe: Event Scheduler: Loaded 0 events
2024-12-06  7:21:47 0 [Note] mysqld.exe: ready for connections.
Version: '11.5.2-MariaDB'  socket: ''  port: 3306  mariadb.org binary distribution
2024-12-06  7:23:12 0 [Note] console_event_handler: received CTRL_CLOSE_EVENT event, terminating
